[18:39:23] [main/WARN]: Ambiguity between arguments [teleport, destination] and [teleport, targets] with inputs: [Player, 0123, @e, dd12be42-52a9-4a91-a8a1-11c01849e498]
[18:39:23] [main/WARN]: Ambiguity between arguments [teleport, location] and [teleport, destination] with inputs: [0.1 -0.5 .9, 0 0 0]
[18:39:23] [main/WARN]: Ambiguity between arguments [teleport, location] and [teleport, targets] with inputs: [0.1 -0.5 .9, 0 0 0]
[18:39:23] [main/WARN]: Ambiguity between arguments [teleport, targets] and [teleport, destination] with inputs: [Player, 0123, dd12be42-52a9-4a91-a8a1-11c01849e498]
[18:39:23] [main/WARN]: Ambiguity between arguments [teleport, targets, location] and [teleport, targets, destination] with inputs: [0.1 -0.5 .9, 0 0 0]
[18:39:23] [main/INFO]: Reloading ResourceManager: Default
[18:39:24] [Worker-Main-7/INFO]: Loaded 7 recipes
[18:39:25] [Worker-Main-7/INFO]: Loaded 927 advancements
[18:39:27] [Server thread/INFO]: Starting minecraft server version 1.16.3
[18:39:27] [Server thread/INFO]: Loading properties
[18:39:27] [Server thread/INFO]: Default game type: SURVIVAL
[18:39:27] [Server thread/INFO]: Generating keypair
[18:39:27] [Server thread/INFO]: Starting Minecraft server on *:25565
[18:39:27] [Server thread/INFO]: Using epoll channel type
[18:39:28] [Server thread/INFO]: Preparing level "world"
[18:39:28] [Server thread/INFO]: Preparing start region for dimension minecraft:overworld
[18:39:31] [Server thread/INFO]: Preparing spawn area: 0%
[18:39:31] [Server thread/INFO]: Preparing spawn area: 0%
[18:39:31] [Server thread/INFO]: Preparing spawn area: 0%
[18:39:31] [Server thread/INFO]: Preparing spawn area: 0%
[18:39:31] [Server thread/INFO]: Preparing spawn area: 0%
[18:39:31] [Server thread/INFO]: Preparing spawn area: 0%
[18:39:31] [Server thread/INFO]: Preparing spawn area: 0%
[18:39:31] [Server thread/INFO]: Preparing spawn area: 0%
[18:39:32] [Server thread/INFO]: Preparing spawn area: 0%
[18:39:32] [Server thread/INFO]: Time elapsed: 4465 ms
[18:39:32] [Server thread/INFO]: Done (4.601s)! For help, type "help"
[18:43:22] [User Authenticator #1/INFO]: UUID of player Dr_Fizz45 is ba57b942-35b6-445d-84dc-44e668ecd776
[18:43:22] [Server thread/INFO]: Dr_Fizz45[/67.249.13.144:37718] logged in with entity id 130 at (-540.5, 74.0625, 129.5)
[18:43:23] [Server thread/INFO]: Dr_Fizz45 joined the game
[18:51:32] [Server thread/INFO]: Dr_Fizz45 lost connection: Disconnected
[18:51:32] [Server thread/INFO]: Dr_Fizz45 left the game
[18:55:08] [Server thread/INFO]: Stopping the server
[18:55:08] [Server thread/INFO]: Stopping server
[18:55:08] [Server thread/INFO]: Saving players
[18:55:08] [Server thread/INFO]: Saving worlds
[18:55:08] [Server thread/INFO]: Saving chunks for level 'ServerLevel[world]'/minecraft:overworld
[18:55:08] [Server thread/INFO]: ThreadedAnvilChunkStorage (world): All chunks are saved
[18:55:08] [Server thread/INFO]: Saving chunks for level 'ServerLevel[world]'/minecraft:the_nether
[18:55:08] [Server thread/INFO]: ThreadedAnvilChunkStorage (DIM-1): All chunks are saved
[18:55:08] [Server thread/INFO]: Saving chunks for level 'ServerLevel[world]'/minecraft:the_end
[18:55:08] [Server thread/INFO]: ThreadedAnvilChunkStorage (DIM1): All chunks are saved
[18:55:08] [Server thread/INFO]: ThreadedAnvilChunkStorage (world): All chunks are saved
[18:55:08] [Server thread/INFO]: ThreadedAnvilChunkStorage (DIM-1): All chunks are saved
[18:55:08] [Server thread/INFO]: ThreadedAnvilChunkStorage (DIM1): All chunks are saved
